This is pdfTeX, Version 3.141592653-2.6-1.40.28 (MiKTeX 25.12) (preloaded format=pdflatex 2026.5.30)  30 MAY 2026 17:17
entering extended mode
 restricted \write18 enabled.
 %&-line parsing enabled.
**./analisis_reto.tex
(analisis_reto.tex
LaTeX2e <2025-11-01>
L3 programming layer <2025-12-24>
(C:\Users\Anthony\AppData\Local\Programs\MiKTeX\tex/latex/base\article.cls
Document Class: article 2025/01/22 v1.4n Standard LaTeX document class
(C:\Users\Anthony\AppData\Local\Programs\MiKTeX\tex/latex/base\size12.clo
File: size12.clo 2025/01/22 v1.4n Standard LaTeX file (size option)
)
\c@part=\count275
\c@section=\count276
\c@subsection=\count277
\c@subsubsection=\count278
\c@paragraph=\count279
\c@subparagraph=\count280
\c@figure=\count281
\c@table=\count282
\abovecaptionskip=\skip49
\belowcaptionskip=\skip50
\bibindent=\dimen148
)
(C:\Users\Anthony\AppData\Local\Programs\MiKTeX\tex/latex/base\inputenc.sty
Package: inputenc 2024/02/08 v1.3d Input encoding file
\inpenc@prehook=\toks17
\inpenc@posthook=\toks18
)
(C:\Users\Anthony\AppData\Local\Programs\MiKTeX\tex/latex/base\fontenc.sty
Package: fontenc 2025/07/18 v2.1d Standard LaTeX package
)
(C:\Users\Anthony\AppData\Local\Programs\MiKTeX\tex/generic/babel\babel.sty
Package: babel 2025/12/11 v25.17 The multilingual framework for LuaLaTeX, pdfLa
TeX and XeLaTeX
\babel@savecnt=\count283
LaTeX Encoding Info:    Redeclaring text command \ij (encoding OT1) on input li
ne 2068.
LaTeX Encoding Info:    Redeclaring text command \IJ (encoding OT1) on input li
ne 2070.
LaTeX Encoding Info:    Redeclaring text command \ij (encoding T1) on input lin
e 2072.
LaTeX Encoding Info:    Redeclaring text command \IJ (encoding T1) on input lin
e 2073.
LaTeX Encoding Info:    Ignoring declaration for text command \ij (encoding ?) 
on input line 2074.
LaTeX Encoding Info:    Ignoring declaration for text command \IJ (encoding ?) 
on input line 2076.
LaTeX Encoding Info:    Ignoring declaration for text command \SS (encoding ?) 
on input line 2101.
\U@D=\dimen149
\l@unhyphenated=\language79

(C:\Users\Anthony\AppData\Local\Programs\MiKTeX\tex/generic/babel\txtbabel.def)
\bbl@readstream=\read2
\bbl@dirlevel=\count284
Package babel Info: Configuration files are deprecated, as
(babel)             they can break document portability.
(babel)             Reported on input line 4196.
*************************************
* Local config file bblopts.cfg used
*
(C:\Users\Anthony\AppData\Local\Programs\MiKTeX\tex/latex/arabi\bblopts.cfg
File: bblopts.cfg 2005/09/08 v0.1 add Arabic and Farsi to "declared" options of
 babel
)
(C:\Users\Anthony\AppData\Local\Programs\MiKTeX\tex/generic/babel/locale/es\bab
el-spanish.tex)
Package babel Info: Importing font and identification data for spanish
(babel)             from babel-es.ini. Reported on input line 4320.

(C:\Users\Anthony\AppData\Local\Programs\MiKTeX\tex/latex/babel-spanish\spanish
.ldf
Language: spanish.ldf 2021/05/27 v5.0q Spanish support from the babel system
\es@quottoks=\toks19
\es@quotdepth=\count285
Package babel Info: Making " an active character on input line 570.
Package babel Info: Making . an active character on input line 675.
Package babel Info: Making < an active character on input line 722.
Package babel Info: Making > an active character on input line 722.
))
LaTeX Encoding Info:    Redeclaring text command \guillemotleft (encoding OT1) 
on input line 6.
LaTeX Encoding Info:    Redeclaring text command \guillemotright (encoding OT1)
 on input line 6.

(C:\Users\Anthony\AppData\Local\Programs\MiKTeX\tex/latex/geometry\geometry.sty
Package: geometry 2026/03/07 v6.0 Page Geometry
(C:\Users\Anthony\AppData\Local\Programs\MiKTeX\tex/latex/graphics\keyval.sty
Package: keyval 2022/05/29 v1.15 key=value parser (DPC)
\KV@toks@=\toks20
)
(C:\Users\Anthony\AppData\Local\Programs\MiKTeX\tex/generic/iftex\ifvtex.sty
Package: ifvtex 2019/10/25 v1.7 ifvtex legacy package. Use iftex instead.

(C:\Users\Anthony\AppData\Local\Programs\MiKTeX\tex/generic/iftex\iftex.sty
Package: iftex 2024/12/12 v1.0g TeX engine tests
))
\Gm@cnth=\count286
\Gm@cntv=\count287
\c@Gm@tempcnt=\count288
\Gm@bindingoffset=\dimen150
\Gm@wd@mp=\dimen151
\Gm@odd@mp=\dimen152
\Gm@even@mp=\dimen153
\Gm@layoutwidth=\dimen154
\Gm@layoutheight=\dimen155
\Gm@layouthoffset=\dimen156
\Gm@layoutvoffset=\dimen157
\Gm@dimlist=\toks21

(C:\Users\Anthony\AppData\Local\Programs\MiKTeX\tex/latex/geometry\geometry.cfg
))
(C:\Users\Anthony\AppData\Local\Programs\MiKTeX\tex/latex/hyperref\hyperref.sty
Package: hyperref 2025-07-12 v7.01o Hypertext links for LaTeX

(C:\Users\Anthony\AppData\Local\Programs\MiKTeX\tex/latex/kvsetkeys\kvsetkeys.s
ty
Package: kvsetkeys 2022-10-05 v1.19 Key value parser (HO)
)
(C:\Users\Anthony\AppData\Local\Programs\MiKTeX\tex/generic/kvdefinekeys\kvdefi
nekeys.sty
Package: kvdefinekeys 2019-12-19 v1.6 Define keys (HO)
)
(C:\Users\Anthony\AppData\Local\Programs\MiKTeX\tex/generic/pdfescape\pdfescape
.sty
Package: pdfescape 2019/12/09 v1.15 Implements pdfTeX's escape features (HO)

(C:\Users\Anthony\AppData\Local\Programs\MiKTeX\tex/generic/ltxcmds\ltxcmds.sty
Package: ltxcmds 2023-12-04 v1.26 LaTeX kernel commands for general use (HO)
)
(C:\Users\Anthony\AppData\Local\Programs\MiKTeX\tex/generic/pdftexcmds\pdftexcm
ds.sty
Package: pdftexcmds 2020-06-27 v0.33 Utility functions of pdfTeX for LuaTeX (HO
)

(C:\Users\Anthony\AppData\Local\Programs\MiKTeX\tex/generic/infwarerr\infwarerr
.sty
Package: infwarerr 2019/12/03 v1.5 Providing info/warning/error messages (HO)
)
Package pdftexcmds Info: \pdf@primitive is available.
Package pdftexcmds Info: \pdf@ifprimitive is available.
Package pdftexcmds Info: \pdfdraftmode found.
))
(C:\Users\Anthony\AppData\Local\Programs\MiKTeX\tex/latex/hycolor\hycolor.sty
Package: hycolor 2020-01-27 v1.10 Color options for hyperref/bookmark (HO)
)
(C:\Users\Anthony\AppData\Local\Programs\MiKTeX\tex/latex/hyperref\nameref.sty
Package: nameref 2025-06-21 v2.57 Cross-referencing by name of section

(C:\Users\Anthony\AppData\Local\Programs\MiKTeX\tex/latex/refcount\refcount.sty
Package: refcount 2019/12/15 v3.6 Data extraction from label references (HO)
)
(C:\Users\Anthony\AppData\Local\Programs\MiKTeX\tex/generic/gettitlestring\gett
itlestring.sty
Package: gettitlestring 2019/12/15 v1.6 Cleanup title references (HO)

(C:\Users\Anthony\AppData\Local\Programs\MiKTeX\tex/latex/kvoptions\kvoptions.s
ty
Package: kvoptions 2022-06-15 v3.15 Key value format for package options (HO)
))
\c@section@level=\count289
)
(C:\Users\Anthony\AppData\Local\Programs\MiKTeX\tex/latex/etoolbox\etoolbox.sty
Package: etoolbox 2025/10/02 v2.5m e-TeX tools for LaTeX (JAW)
\etb@tempcnta=\count290
)
(C:\Users\Anthony\AppData\Local\Programs\MiKTeX\tex/generic/stringenc\stringenc
.sty
Package: stringenc 2019/11/29 v1.12 Convert strings between diff. encodings (HO
)
)
\@linkdim=\dimen158
\Hy@linkcounter=\count291
\Hy@pagecounter=\count292

(C:\Users\Anthony\AppData\Local\Programs\MiKTeX\tex/latex/hyperref\pd1enc.def
File: pd1enc.def 2025-07-12 v7.01o Hyperref: PDFDocEncoding definition (HO)
Now handling font encoding PD1 ...
... no UTF-8 mapping file for font encoding PD1
)
(C:\Users\Anthony\AppData\Local\Programs\MiKTeX\tex/generic/intcalc\intcalc.sty
Package: intcalc 2019/12/15 v1.3 Expandable calculations with integers (HO)
)
\Hy@SavedSpaceFactor=\count293
 (C:\Users\Anthony\AppData\Local\Programs\MiKTeX\tex/latex/hyperref\puenc.def
File: puenc.def 2025-07-12 v7.01o Hyperref: PDF Unicode definition (HO)
Now handling font encoding PU ...
... no UTF-8 mapping file for font encoding PU
)
Package hyperref Info: Hyper figures OFF on input line 4195.
Package hyperref Info: Link nesting OFF on input line 4200.
Package hyperref Info: Hyper index ON on input line 4203.
Package hyperref Info: Plain pages OFF on input line 4210.
Package hyperref Info: Backreferencing OFF on input line 4215.
Package hyperref Info: Implicit mode ON; LaTeX internals redefined.
Package hyperref Info: Bookmarks ON on input line 4462.
\c@Hy@tempcnt=\count294
(C:\Users\Anthony\AppData\Local\Programs\MiKTeX\tex/latex/url\url.sty
\Urlmuskip=\muskip17
Package: url 2013/09/16  ver 3.4  Verb mode for urls, etc.
)
LaTeX Info: Redefining \url on input line 4801.
\XeTeXLinkMargin=\dimen159

(C:\Users\Anthony\AppData\Local\Programs\MiKTeX\tex/generic/bitset\bitset.sty
Package: bitset 2019/12/09 v1.3 Handle bit-vector datatype (HO)

(C:\Users\Anthony\AppData\Local\Programs\MiKTeX\tex/generic/bigintcalc\bigintca
lc.sty
Package: bigintcalc 2019/12/15 v1.5 Expandable calculations on big integers (HO
)
))
\Fld@menulength=\count295
\Field@Width=\dimen160
\Fld@charsize=\dimen161
Package hyperref Info: Hyper figures OFF on input line 6078.
Package hyperref Info: Link nesting OFF on input line 6083.
Package hyperref Info: Hyper index ON on input line 6086.
Package hyperref Info: backreferencing OFF on input line 6093.
Package hyperref Info: Link coloring OFF on input line 6098.
Package hyperref Info: Link coloring with OCG OFF on input line 6103.
Package hyperref Info: PDF/A mode OFF on input line 6108.
\Hy@abspage=\count296
\c@Item=\count297
\c@Hfootnote=\count298
)
Package hyperref Info: Driver (autodetected): hpdftex.

(C:\Users\Anthony\AppData\Local\Programs\MiKTeX\tex/latex/hyperref\hpdftex.def
File: hpdftex.def 2025-07-12 v7.01o Hyperref driver for pdfTeX
\Fld@listcount=\count299
\c@bookmark@seq@number=\count300

(C:\Users\Anthony\AppData\Local\Programs\MiKTeX\tex/latex/rerunfilecheck\rerunf
ilecheck.sty
Package: rerunfilecheck 2025-06-21 v1.11 Rerun checks for auxiliary files (HO)

(C:\Users\Anthony\AppData\Local\Programs\MiKTeX\tex/generic/uniquecounter\uniqu
ecounter.sty
Package: uniquecounter 2019/12/15 v1.4 Provide unlimited unique counter (HO)
)
Package uniquecounter Info: New unique counter `rerunfilecheck' on input line 2
84.
)
\Hy@SectionHShift=\skip51
)
(C:\Users\Anthony\AppData\Local\Programs\MiKTeX\tex/latex/booktabs\booktabs.sty
Package: booktabs 2020/01/12 v1.61803398 Publication quality tables
\heavyrulewidth=\dimen162
\lightrulewidth=\dimen163
\cmidrulewidth=\dimen164
\belowrulesep=\dimen165
\belowbottomsep=\dimen166
\aboverulesep=\dimen167
\abovetopsep=\dimen168
\cmidrulesep=\dimen169
\cmidrulekern=\dimen170
\defaultaddspace=\dimen171
\@cmidla=\count301
\@cmidlb=\count302
\@aboverulesep=\dimen172
\@belowrulesep=\dimen173
\@thisruleclass=\count303
\@lastruleclass=\count304
\@thisrulewidth=\dimen174
) (C:\Users\Anthony\AppData\Local\Programs\MiKTeX\tex/latex/tools\longtable.sty
Package: longtable 2025-10-13 v4.24 Multi-page Table package (DPC)
\LTleft=\skip52
\LTright=\skip53
\LTpre=\skip54
\LTpost=\skip55
\LTchunksize=\count305
\LTcapwidth=\dimen175
\LT@head=\box53
\LT@firsthead=\box54
\LT@foot=\box55
\LT@lastfoot=\box56
\LT@gbox=\box57
\LT@cols=\count306
\LT@rows=\count307
\c@LT@tables=\count308
\c@LT@chunks=\count309
\LT@p@ftn=\toks22
) (C:\Users\Anthony\AppData\Local\Programs\MiKTeX\tex/latex/tools\array.sty
Package: array 2025/09/25 v2.6n Tabular extension package (FMi)
\col@sep=\dimen176
\ar@mcellbox=\box58
\extrarowheight=\dimen177
\NC@list=\toks23
\extratabsurround=\skip56
\backup@length=\skip57
\ar@cellbox=\box59
)
(C:\Users\Anthony\AppData\Local\Programs\MiKTeX\tex/latex/enumitem\enumitem.sty
Package: enumitem 2025/02/06 v3.11 Customized lists
\labelindent=\skip58
\enit@outerparindent=\dimen178
\enit@toks=\toks24
\enit@inbox=\box60
\enit@count@id=\count310
\enitdp@description=\count311
)
(C:\Users\Anthony\AppData\Local\Programs\MiKTeX\tex/latex/titlesec\titlesec.sty
Package: titlesec 2025/01/04 v2.17 Sectioning titles
\ttl@box=\box61
\beforetitleunit=\skip59
\aftertitleunit=\skip60
\ttl@plus=\dimen179
\ttl@minus=\dimen180
\ttl@toksa=\toks25
\titlewidth=\dimen181
\titlewidthlast=\dimen182
\titlewidthfirst=\dimen183
) (C:\Users\Anthony\AppData\Local\Programs\MiKTeX\tex/latex/parskip\parskip.sty
Package: parskip 2021-03-14 v2.0h non-zero parskip adjustments
) (C:\Users\Anthony\AppData\Local\Programs\MiKTeX\tex/latex/xcolor\xcolor.sty
Package: xcolor 2024/09/29 v3.02 LaTeX color extensions (UK)

(C:\Users\Anthony\AppData\Local\Programs\MiKTeX\tex/latex/graphics-cfg\color.cf
g
File: color.cfg 2016/01/02 v1.6 sample color configuration
)
Package xcolor Info: Driver file: pdftex.def on input line 274.

(C:\Users\Anthony\AppData\Local\Programs\MiKTeX\tex/latex/graphics-def\pdftex.d
ef
File: pdftex.def 2025/09/29 v1.2d Graphics/color driver for pdftex
)
(C:\Users\Anthony\AppData\Local\Programs\MiKTeX\tex/latex/graphics\mathcolor.lt
x)
Package xcolor Info: Model `cmy' substituted by `cmy0' on input line 1349.
Package xcolor Info: Model `hsb' substituted by `rgb' on input line 1353.
Package xcolor Info: Model `RGB' extended on input line 1365.
Package xcolor Info: Model `HTML' substituted by `rgb' on input line 1367.
Package xcolor Info: Model `Hsb' substituted by `hsb' on input line 1368.
Package xcolor Info: Model `tHsb' substituted by `hsb' on input line 1369.
Package xcolor Info: Model `HSB' substituted by `hsb' on input line 1370.
Package xcolor Info: Model `Gray' substituted by `gray' on input line 1371.
Package xcolor Info: Model `wave' substituted by `hsb' on input line 1372.
)
(C:\Users\Anthony\AppData\Local\Programs\MiKTeX\tex/latex/graphics\graphicx.sty
Package: graphicx 2024/12/31 v1.2e Enhanced LaTeX Graphics (DPC,SPQR)

(C:\Users\Anthony\AppData\Local\Programs\MiKTeX\tex/latex/graphics\graphics.sty
Package: graphics 2024/08/06 v1.4g Standard LaTeX Graphics (DPC,SPQR)
(C:\Users\Anthony\AppData\Local\Programs\MiKTeX\tex/latex/graphics\trig.sty
Package: trig 2023/12/02 v1.11 sin cos tan (DPC)
)
(C:\Users\Anthony\AppData\Local\Programs\MiKTeX\tex/latex/graphics-cfg\graphics
.cfg
File: graphics.cfg 2016/06/04 v1.11 sample graphics configuration
)
Package graphics Info: Driver file: pdftex.def on input line 106.
)
\Gin@req@height=\dimen184
\Gin@req@width=\dimen185
)
(C:\Users\Anthony\AppData\Local\Programs\MiKTeX\tex/latex/float\float.sty
Package: float 2001/11/08 v1.3d Float enhancements (AL)
\c@float@type=\count312
\float@exts=\toks26
\float@box=\box62
\@float@everytoks=\toks27
\@floatcapt=\box63
)
(C:\Users\Anthony\AppData\Local\Programs\MiKTeX\tex/latex/caption\caption.sty
Package: caption 2023/08/05 v3.6o Customizing captions (AR)

(C:\Users\Anthony\AppData\Local\Programs\MiKTeX\tex/latex/caption\caption3.sty
Package: caption3 2023/07/31 v2.4d caption3 kernel (AR)
\caption@tempdima=\dimen186
\captionmargin=\dimen187
\caption@leftmargin=\dimen188
\caption@rightmargin=\dimen189
\caption@width=\dimen190
\caption@indent=\dimen191
\caption@parindent=\dimen192
\caption@hangindent=\dimen193
Package caption Info: Standard document class detected.
)
\c@caption@flags=\count313
\c@continuedfloat=\count314
Package caption Info: float package is loaded.
Package caption Info: hyperref package is loaded.
Package caption Info: longtable package is loaded.

(C:\Users\Anthony\AppData\Local\Programs\MiKTeX\tex/latex/caption\ltcaption.sty
Package: ltcaption 2021/01/08 v1.4c longtable captions (AR)
))
Package hyperref Info: Option `colorlinks' set `true' on input line 40.

(C:\Users\Anthony\AppData\Local\Programs\MiKTeX\tex/latex/l3backend\l3backend-p
dftex.def
File: l3backend-pdftex.def 2025-10-09 L3 backend support: PDF output (pdfTeX)
\l__color_backend_stack_int=\count315
) (analisis_reto.aux
LaTeX Info: Redefining \. on input line 11.
LaTeX Info: Redefining \% on input line 11.
Package babel Info: 'spanish' activates 'spanish' shorthands.
(babel)             Reported on input line 11.
)
\openout1 = `analisis_reto.aux'.

LaTeX Font Info:    Checking defaults for OML/cmm/m/it on input line 49.
LaTeX Font Info:    ... okay on input line 49.
LaTeX Font Info:    Checking defaults for OMS/cmsy/m/n on input line 49.
LaTeX Font Info:    ... okay on input line 49.
LaTeX Font Info:    Checking defaults for OT1/cmr/m/n on input line 49.
LaTeX Font Info:    ... okay on input line 49.
LaTeX Font Info:    Checking defaults for T1/cmr/m/n on input line 49.
LaTeX Font Info:    ... okay on input line 49.
LaTeX Font Info:    Checking defaults for TS1/cmr/m/n on input line 49.
LaTeX Font Info:    ... okay on input line 49.
LaTeX Font Info:    Checking defaults for OMX/cmex/m/n on input line 49.
LaTeX Font Info:    ... okay on input line 49.
LaTeX Font Info:    Checking defaults for U/cmr/m/n on input line 49.
LaTeX Font Info:    ... okay on input line 49.
LaTeX Font Info:    Checking defaults for PD1/pdf/m/n on input line 49.
LaTeX Font Info:    ... okay on input line 49.
LaTeX Font Info:    Checking defaults for PU/pdf/m/n on input line 49.
LaTeX Font Info:    ... okay on input line 49.
LaTeX Info: Redefining \. on input line 49.
LaTeX Info: Redefining \% on input line 49.

*geometry* driver: auto-detecting
*geometry* detected driver: pdftex
*geometry* verbose mode - [ preamble ] result:
* driver: pdftex
* paper: a4paper
* layout: <same size as paper>
* layoutoffset:(h,v)=(0.0pt,0.0pt)
* modes: 
* h-part:(L,W,R)=(85.35826pt, 441.01773pt, 71.13188pt)
* v-part:(T,H,B)=(71.13188pt, 702.78308pt, 71.13188pt)
* \paperwidth=597.50787pt
* \paperheight=845.04684pt
* \textwidth=441.01773pt
* \textheight=702.78308pt
* \oddsidemargin=13.08827pt
* \evensidemargin=13.08827pt
* \topmargin=-38.1381pt
* \headheight=12.0pt
* \headsep=25.0pt
* \topskip=12.0pt
* \footskip=30.0pt
* \marginparwidth=35.0pt
* \marginparsep=10.0pt
* \columnsep=10.0pt
* \skip\footins=10.8pt plus 4.0pt minus 2.0pt
* \hoffset=0.0pt
* \voffset=0.0pt
* \mag=1000
* \@twocolumnfalse
* \@twosidefalse
* \@mparswitchfalse
* \@reversemarginfalse
* (1in=72.27pt=25.4mm, 1cm=28.453pt)

Package hyperref Info: Link coloring ON on input line 49.
(analisis_reto.out) (analisis_reto.out)
\@outlinefile=\write3
\openout3 = `analisis_reto.out'.


Couldn't patch \ttl@straight@ii
Couldn't patch \ttl@straight@ii

(C:\Users\Anthony\AppData\Local\Programs\MiKTeX\tex/context/base/mkii\supp-pdf.
mkii
[Loading MPS to PDF converter (version 2006.09.02).]
\scratchcounter=\count316
\scratchdimen=\dimen194
\scratchbox=\box64
\nofMPsegments=\count317
\nofMParguments=\count318
\everyMPshowfont=\toks28
\MPscratchCnt=\count319
\MPscratchDim=\dimen195
\MPnumerator=\count320
\makeMPintoPDFobject=\count321
\everyMPtoPDFconversion=\toks29
)
(C:\Users\Anthony\AppData\Local\Programs\MiKTeX\tex/latex/epstopdf-pkg\epstopdf
-base.sty
Package: epstopdf-base 2020-01-24 v2.11 Base part for package epstopdf
Package epstopdf-base Info: Redefining graphics rule for `.eps' on input line 4
85.

(C:\Users\Anthony\AppData\Local\Programs\MiKTeX\tex/latex/00miktex\epstopdf-sys
.cfg
File: epstopdf-sys.cfg 2021/03/18 v2.0 Configuration of epstopdf for MiKTeX
))
Package caption Info: Begin \AtBeginDocument code.
Package caption Info: End \AtBeginDocument code.
LaTeX Font Info:    External font `cmex10' loaded for size
(Font)              <14.4> on input line 52.
LaTeX Font Info:    External font `cmex10' loaded for size
(Font)              <7> on input line 52.
 (analisis_reto.toc
LaTeX Info: Redefining \. on input line 1.
LaTeX Info: Redefining \% on input line 1.
LaTeX Font Info:    External font `cmex10' loaded for size
(Font)              <12> on input line 3.
LaTeX Font Info:    External font `cmex10' loaded for size
(Font)              <8> on input line 3.
LaTeX Font Info:    External font `cmex10' loaded for size
(Font)              <6> on input line 3.
)
\tf@toc=\write4
\openout4 = `analisis_reto.toc'.

 [1

{C:/Users/Anthony/AppData/Local/MiKTeX/fonts/map/pdftex/pdftex.map}] [2] [3]
ignored error: Infinite glue shrinkage found in box being split [4]
Overfull \hbox (0.58041pt too wide) in paragraph at lines 168--168
 []|\T1/cmr/m/n/12 RNF- 
 []


Overfull \hbox (0.58041pt too wide) in paragraph at lines 169--169
 []|\T1/cmr/m/n/12 RNF- 
 []


Overfull \hbox (0.58041pt too wide) in paragraph at lines 170--170
 []|\T1/cmr/m/n/12 RNF- 
 []


Overfull \hbox (3.49284pt too wide) in paragraph at lines 170--170
[]|\T1/cmr/m/n/12 Disponibilidad|  
 []


Overfull \hbox (0.58041pt too wide) in paragraph at lines 171--171
 []|\T1/cmr/m/n/12 RNF- 
 []


Overfull \hbox (0.58041pt too wide) in paragraph at lines 172--172
 []|\T1/cmr/m/n/12 RNF- 
 []


Overfull \hbox (0.58041pt too wide) in paragraph at lines 173--173
 []|\T1/cmr/m/n/12 RNF- 
 []


Overfull \hbox (0.58041pt too wide) in paragraph at lines 174--174
 []|\T1/cmr/m/n/12 RNF- 
 []


Overfull \hbox (0.58041pt too wide) in paragraph at lines 175--175
 []|\T1/cmr/m/n/12 RNF- 
 []


Overfull \hbox (6.5255pt too wide) in paragraph at lines 175--175
[]|\T1/cmr/m/n/12 Mantenibilidad|  
 []

[5] [6]
<images/image1.png, id=118, 933.4875pt x 1633.10126pt>
File: images/image1.png Graphic file (type png)
<use images/image1.png>
Package pdftex.def Info: images/image1.png  used on input line 231.
(pdftex.def)             Requested size: 330.76329pt x 578.64612pt.
 [7]
<images/image2.png, id=125, 1267.73625pt x 1182.4175pt>
File: images/image2.png Graphic file (type png)
<use images/image2.png>
Package pdftex.def Info: images/image2.png  used on input line 239.
(pdftex.def)             Requested size: 374.86775pt x 349.64008pt.
 [8 <./images/image1.png (PNG copy)>]
Overfull \hbox (78.62634pt too wide) in paragraph at lines 249--250
[]\T1/cmr/m/n/12 En el bac-kend de Djan-go, la crea-ción del pe-di-do es-tá en-
vuel-ta en el de-co-ra-dor \T1/cmtt/m/n/12 @transaction.atomic()\T1/cmr/m/n/12 
.
 []

[9 <./images/image2.png (PNG copy)>]
<images/image3.png, id=137, 865.2325pt x 1125.20375pt>
File: images/image3.png Graphic file (type png)
<use images/image3.png>
Package pdftex.def Info: images/image3.png  used on input line 267.
(pdftex.def)             Requested size: 374.86775pt x 487.5024pt.
 [10] [11 <./images/image3.png (PNG copy)>] [12]
Overfull \hbox (107.78578pt too wide) in paragraph at lines 316--317
[]\T1/cmr/bx/n/12 Credenciales de prue-ba: [][]$\T1/cmtt/m/n/12 https : / / dri
ve . google . com / file / d / 1FI _ 932e9UU-[]dHqA4TcE2mHI8A8WDARh0 /
 []

<images/image4.png, id=153, 1388.18625pt x 746.79pt>
File: images/image4.png Graphic file (type png)
<use images/image4.png>
Package pdftex.def Info: images/image4.png  used on input line 322.
(pdftex.def)             Requested size: 396.91325pt x 213.52106pt.
[13]
<images/image5.png, id=162, 1379.90532pt x 730.98094pt>
File: images/image5.png Graphic file (type png)
<use images/image5.png>
Package pdftex.def Info: images/image5.png  used on input line 330.
(pdftex.def)             Requested size: 396.91325pt x 210.26135pt.
<images/image6.png, id=163, 1393.45593pt x 737.75626pt>
File: images/image6.png Graphic file (type png)
<use images/image6.png>
Package pdftex.def Info: images/image6.png  used on input line 335.
(pdftex.def)             Requested size: 396.91325pt x 210.13889pt.
<images/image7.png, id=164, 1388.93906pt x 746.79pt>
File: images/image7.png Graphic file (type png)
<use images/image7.png>
Package pdftex.def Info: images/image7.png  used on input line 340.
(pdftex.def)             Requested size: 396.91325pt x 213.4071pt.
 [14 <./images/image4.png> <./images/image5.png>]
<images/image8.png, id=173, 1385.175pt x 738.50906pt>
File: images/image8.png Graphic file (type png)
<use images/image8.png>
Package pdftex.def Info: images/image8.png  used on input line 345.
(pdftex.def)             Requested size: 396.91325pt x 211.6154pt.
<images/image9.png, id=174, 1377.64688pt x 745.28438pt>
File: images/image9.png Graphic file (type png)
<use images/image9.png>
Package pdftex.def Info: images/image9.png  used on input line 350.
(pdftex.def)             Requested size: 396.91325pt x 214.7168pt.
 [15 <./images/image6.png> <./images/image7.png>]
<images/image10.png, id=183, 1378.39969pt x 731.73375pt>
File: images/image10.png Graphic file (type png)
<use images/image10.png>
Package pdftex.def Info: images/image10.png  used on input line 355.
(pdftex.def)             Requested size: 396.91325pt x 210.70119pt.
<images/image11.png, id=184, 1374.63562pt x 740.0147pt>
File: images/image11.png Graphic file (type png)
<use images/image11.png>
Package pdftex.def Info: images/image11.png  used on input line 360.
(pdftex.def)             Requested size: 396.91325pt x 213.67284pt.
 [16 <./images/image8.png> <./images/image9.png>]
<images/image12.png, id=193, 1388.18625pt x 732.48656pt>
File: images/image12.png Graphic file (type png)
<use images/image12.png>
Package pdftex.def Info: images/image12.png  used on input line 365.
(pdftex.def)             Requested size: 396.91325pt x 209.43144pt.
<images/image13.png, id=194, 1383.66937pt x 738.50906pt>
File: images/image13.png Graphic file (type png)
<use images/image13.png>
Package pdftex.def Info: images/image13.png  used on input line 370.
(pdftex.def)             Requested size: 396.91325pt x 211.84079pt.

[17 <./images/image10.png> <./images/image11.png>]
<images/image14.png, id=203, 1375.38844pt x 736.25063pt>
File: images/image14.png Graphic file (type png)
<use images/image14.png>
Package pdftex.def Info: images/image14.png  used on input line 375.
(pdftex.def)             Requested size: 396.91325pt x 212.46242pt.
<images/image15.png, id=204, 1400.98407pt x 746.03719pt>
File: images/image15.png Graphic file (type png)
<use images/image15.png>
Package pdftex.def Info: images/image15.png  used on input line 380.
(pdftex.def)             Requested size: 396.91325pt x 211.35922pt.
 [18 <./images/image12.png> <./images/image13.png>]
<images/image16.png, id=213, 1383.66937pt x 740.0147pt>
File: images/image16.png Graphic file (type png)
<use images/image16.png>
Package pdftex.def Info: images/image16.png  used on input line 388.
(pdftex.def)             Requested size: 396.91325pt x 212.27267pt.
<images/image17.png, id=214, 1373.88281pt x 733.99219pt>
File: images/image17.png Graphic file (type png)
<use images/image17.png>
Package pdftex.def Info: images/image17.png  used on input line 393.
(pdftex.def)             Requested size: 396.91325pt x 212.04588pt.
 [19 <./images/image14.png> <./images/image15.png>]
<images/image18.png, id=224, 1382.91656pt x 737.75626pt>
File: images/image18.png Graphic file (type png)
<use images/image18.png>
Package pdftex.def Info: images/image18.png  used on input line 398.
(pdftex.def)             Requested size: 396.91325pt x 211.73741pt.
<images/image19.png, id=225, 1372.37718pt x 739.26187pt>
File: images/image19.png Graphic file (type png)
<use images/image19.png>
Package pdftex.def Info: images/image19.png  used on input line 403.
(pdftex.def)             Requested size: 396.91325pt x 213.80516pt.

[20 <./images/image16.png> <./images/image17.png>]
<images/image20.png, id=234, 1377.64688pt x 742.27313pt>
File: images/image20.png Graphic file (type png)
<use images/image20.png>
Package pdftex.def Info: images/image20.png  used on input line 408.
(pdftex.def)             Requested size: 396.91325pt x 213.84926pt.
<images/image21.png, id=235, 1384.42218pt x 736.25063pt>
File: images/image21.png Graphic file (type png)
<use images/image21.png>
Package pdftex.def Info: images/image21.png  used on input line 413.
(pdftex.def)             Requested size: 396.91325pt x 211.08061pt.
 [21 <./images/image18.png> <./images/image19.png>]
<images/image22.png, id=244, 1380.65813pt x 743.02594pt>
File: images/image22.png Graphic file (type png)
<use images/image22.png>
Package pdftex.def Info: images/image22.png  used on input line 421.
(pdftex.def)             Requested size: 396.91325pt x 213.60129pt.
<images/image23.png, id=245, 1394.96156pt x 752.0597pt>
File: images/image23.png Graphic file (type png)
<use images/image23.png>
Package pdftex.def Info: images/image23.png  used on input line 426.
(pdftex.def)             Requested size: 396.91325pt x 213.98349pt.
 [22 <./images/image20.png> <./images/image21.png>]
<images/image24.png, id=254, 1388.18625pt x 744.53156pt>
File: images/image24.png Graphic file (type png)
<use images/image24.png>
Package pdftex.def Info: images/image24.png  used on input line 431.
(pdftex.def)             Requested size: 396.91325pt x 212.87534pt.
<images/image25.png, id=255, 1382.16376pt x 751.30687pt>
File: images/image25.png Graphic file (type png)
<use images/image25.png>
Package pdftex.def Info: images/image25.png  used on input line 436.
(pdftex.def)             Requested size: 396.91325pt x 215.7411pt.

[23 <./images/image22.png> <./images/image23.png>]
<images/image26.png, id=264, 1381.41093pt x 749.80125pt>
File: images/image26.png Graphic file (type png)
<use images/image26.png>
Package pdftex.def Info: images/image26.png  used on input line 441.
(pdftex.def)             Requested size: 396.91325pt x 215.43462pt.
<images/image27.png, id=265, 1377.64688pt x 751.30687pt>
File: images/image27.png Graphic file (type png)
<use images/image27.png>
Package pdftex.def Info: images/image27.png  used on input line 446.
(pdftex.def)             Requested size: 396.91325pt x 216.45187pt.
 [24 <./images/image24.png> <./images/image25.png>]
<images/image28.png, id=274, 1367.1075pt x 751.30687pt>
File: images/image28.png Graphic file (type png)
<use images/image28.png>
Package pdftex.def Info: images/image28.png  used on input line 451.
(pdftex.def)             Requested size: 396.91325pt x 218.12561pt.
 [25 <./images/image26.png> <./images/image27.png>]
<images/image29.png, id=284, 984.67876pt x 516.93124pt>
File: images/image29.png Graphic file (type png)
<use images/image29.png>
Package pdftex.def Info: images/image29.png  used on input line 459.
(pdftex.def)             Requested size: 441.01773pt x 231.52051pt.
<images/image30.png, id=285, 980.66376pt x 530.98375pt>
File: images/image30.png Graphic file (type png)
<use images/image30.png>
Package pdftex.def Info: images/image30.png  used on input line 465.
(pdftex.def)             Requested size: 441.01773pt x 238.78653pt.

[26 <./images/image28.png> <./images/image29.png>]
<images/image31.png, id=293, 985.6825pt x 536.0025pt>
File: images/image31.png Graphic file (type png)
<use images/image31.png>
Package pdftex.def Info: images/image31.png  used on input line 471.
(pdftex.def)             Requested size: 441.01773pt x 239.82486pt.
<images/image32.png, id=294, 983.675pt x 529.98pt>
File: images/image32.png Graphic file (type png)
<use images/image32.png>
Package pdftex.def Info: images/image32.png  used on input line 477.
(pdftex.def)             Requested size: 441.01773pt x 237.60732pt.
 [27 <./images/image30.png> <./images/image31.png>]
<images/image33.png, id=301, 986.68625pt x 532.99126pt>
File: images/image33.png Graphic file (type png)
<use images/image33.png>
Package pdftex.def Info: images/image33.png  used on input line 483.
(pdftex.def)             Requested size: 441.01773pt x 238.23355pt.
 [28 <./images/image32.png> <./images/image33.png>]
(analisis_reto.aux
LaTeX Info: Redefining \. on input line 11.
LaTeX Info: Redefining \% on input line 11.
)
 ***********
LaTeX2e <2025-11-01>
L3 programming layer <2025-12-24>
 ***********
Package rerunfilecheck Info: File `analisis_reto.out' has not changed.
(rerunfilecheck)             Checksum: 97B46A56E6737A29D43E04B1479298BD;3616.
 ) 
Here is how much of TeX's memory you used:
 13789 strings out of 467871
 224300 string characters out of 5417408
 685292 words of memory out of 5000000
 42440 multiletter control sequences out of 15000+600000
 637337 words of font info for 61 fonts, out of 8000000 for 9000
 1141 hyphenation exceptions out of 8191
 75i,6n,79p,1144b,629s stack positions out of 10000i,1000n,20000p,200000b,200000s
 <C:\Users\Anthony\AppData\Local\MiKTeX\fonts/pk/ljfour/jknappen/ec/dpi600\tc
rm1200.pk> <C:\Users\Anthony\AppData\Local\MiKTeX\fonts/pk/ljfour/jknappen/ec/d
pi600\ectt1200.pk> <C:\Users\Anthony\AppData\Local\MiKTeX\fonts/pk/ljfour/jknap
pen/ec/dpi600\ecti1200.pk> <C:\Users\Anthony\AppData\Local\MiKTeX\fonts/pk/ljfo
ur/jknappen/ec/dpi600\ecrm1200.pk> <C:\Users\Anthony\AppData\Local\MiKTeX\fonts
/pk/ljfour/jknappen/ec/dpi600\ecbx1200.pk> <C:\Users\Anthony\AppData\Local\MiKT
eX\fonts/pk/ljfour/jknappen/ec/dpi600\ecbx1440.pk> <C:\Users\Anthony\AppData\Lo
cal\MiKTeX\fonts/pk/ljfour/jknappen/ec/dpi600\ecbx2074.pk><C:/Users/Anthony/App
Data/Local/Programs/MiKTeX/fonts/type1/public/amsfonts/cm/cmsy10.pfb>
Output written on analisis_reto.pdf (28 pages, 8123493 bytes).
PDF statistics:
 653 PDF objects out of 1000 (max. 8388607)
 82 named destinations out of 1000 (max. 500000)
 294 words of extra memory for PDF output out of 10000 (max. 10000000)

